[debug] [2023-09-24T16:14:57.342Z] ----------------------------------------------------------------------
[debug] [2023-09-24T16:14:57.345Z] Command:       C:\Program Files\nodejs\node.exe C:\Users\Teja Nicole\AppData\Roaming\npm\node_modules\firebase-tools\lib\bin\firebase.js init
[debug] [2023-09-24T16:14:57.345Z] CLI Version:   12.5.4
[debug] [2023-09-24T16:14:57.345Z] Platform:      win32
[debug] [2023-09-24T16:14:57.346Z] Node Version:  v19.9.0
[debug] [2023-09-24T16:14:57.346Z] Time:          Sun Sep 24 2023 11:14:57 GMT-0500 (Central Daylight Time)
[debug] [2023-09-24T16:14:57.346Z] ----------------------------------------------------------------------
[debug] 
[debug] [2023-09-24T16:14:57.355Z] > command requires scopes: ["email","openid","https://www.googleapis.com/auth/cloudplatformprojects.readonly","https://www.googleapis.com/auth/firebase","https://www.googleapis.com/auth/cloud-platform"]
[debug] [2023-09-24T16:14:57.355Z] > authorizing via signed-in user (jmbibb92@gmail.com)
[info] 
     ######## #### ########  ######## ########     ###     ######  ########
     ##        ##  ##     ## ##       ##     ##  ##   ##  ##       ##
     ######    ##  ########  ######   ########  #########  ######  ######
     ##        ##  ##    ##  ##       ##     ## ##     ##       ## ##
     ##       #### ##     ## ######## ########  ##     ##  ######  ########

You're about to initialize a Firebase project in this directory:

  C:\Users\Teja Nicole\clout

[info] 
=== Project Setup
[info] 
[info] First, let's associate this project directory with a Firebase project.
[info] You can create multiple project aliases by running firebase use --add, 
[info] but for now we'll just set up a default project.
[info] 
[debug] [2023-09-24T16:15:21.775Z] >>> [apiv2][query] GET https://firebase.googleapis.com/v1beta1/projects pageSize=100
[debug] [2023-09-24T16:15:22.469Z] <<< [apiv2][status] GET https://firebase.googleapis.com/v1beta1/projects 200
[debug] [2023-09-24T16:15:22.470Z] <<< [apiv2][body] GET https://firebase.googleapis.com/v1beta1/projects [omitted]
[info] i  Using project clout9-2025e (Clout9) 
[info] 
=== Database Setup
[info] i  database: ensuring required API firebasedatabase.googleapis.com is enabled... 
[debug] [2023-09-24T16:15:25.679Z] >>> [apiv2][query] GET https://serviceusage.googleapis.com/v1/projects/clout9-2025e/services/firebasedatabase.googleapis.com [none]
[debug] [2023-09-24T16:15:25.679Z] >>> [apiv2][(partial)header] GET https://serviceusage.googleapis.com/v1/projects/clout9-2025e/services/firebasedatabase.googleapis.com x-goog-quota-user=projects/clout9-2025e
[debug] [2023-09-24T16:15:26.185Z] <<< [apiv2][status] GET https://serviceusage.googleapis.com/v1/projects/clout9-2025e/services/firebasedatabase.googleapis.com 200
[debug] [2023-09-24T16:15:26.185Z] <<< [apiv2][body] GET https://serviceusage.googleapis.com/v1/projects/clout9-2025e/services/firebasedatabase.googleapis.com [omitted]
[info] +  database: required API firebasedatabase.googleapis.com is enabled 
[info] 
[debug] [2023-09-24T16:15:26.189Z] >>> [apiv2][query] GET https://firebasedatabase.googleapis.com/v1beta/projects/clout9-2025e/locations/-/instances/clout9-2025e-default-rtdb [none]
[debug] [2023-09-24T16:15:26.564Z] <<< [apiv2][status] GET https://firebasedatabase.googleapis.com/v1beta/projects/clout9-2025e/locations/-/instances/clout9-2025e-default-rtdb 200
[debug] [2023-09-24T16:15:26.564Z] <<< [apiv2][body] GET https://firebasedatabase.googleapis.com/v1beta/projects/clout9-2025e/locations/-/instances/clout9-2025e-default-rtdb {"name":"projects/11241601240/locations/us-central1/instances/clout9-2025e-default-rtdb","project":"projects/11241601240","databaseUrl":"https://clout9-2025e-default-rtdb.firebaseio.com","type":"DEFAULT_DATABASE","state":"ACTIVE"}
[info] 
[info] Firebase Realtime Database Security Rules allow you to define how your data should be
[info] structured and when your data can be read from and written to.
[info] 
[debug] [2023-09-24T16:15:36.685Z] >>> [apiv2][query] GET https://clout9-2025e-default-rtdb.firebaseio.com/.settings/rules.json [none]
[debug] [2023-09-24T16:15:37.205Z] <<< [apiv2][status] GET https://clout9-2025e-default-rtdb.firebaseio.com/.settings/rules.json 200
[debug] [2023-09-24T16:15:37.205Z] <<< [apiv2][body] GET https://clout9-2025e-default-rtdb.firebaseio.com/.settings/rules.json [stream]
[info] +  Database Rules for clout9-2025e-default-rtdb have been written to database.rules.json. 
[info] Future modifications to database.rules.json will update Realtime Database Security Rules when you run
[info] firebase deploy.
[info] 
=== Firestore Setup
[debug] [2023-09-24T16:15:37.219Z] >>> [apiv2][query] GET https://serviceusage.googleapis.com/v1/projects/clout9-2025e/services/firestore.googleapis.com [none]
[debug] [2023-09-24T16:15:37.220Z] >>> [apiv2][(partial)header] GET https://serviceusage.googleapis.com/v1/projects/clout9-2025e/services/firestore.googleapis.com x-goog-quota-user=projects/clout9-2025e
[debug] [2023-09-24T16:15:37.829Z] <<< [apiv2][status] GET https://serviceusage.googleapis.com/v1/projects/clout9-2025e/services/firestore.googleapis.com 200
[debug] [2023-09-24T16:15:37.829Z] <<< [apiv2][body] GET https://serviceusage.googleapis.com/v1/projects/clout9-2025e/services/firestore.googleapis.com [omitted]
[debug] [2023-09-24T16:15:37.830Z] >>> [apiv2][query] GET https://firestore.googleapis.com/v1/projects/clout9-2025e/databases/(default) [none]
[debug] [2023-09-24T16:15:38.048Z] <<< [apiv2][status] GET https://firestore.googleapis.com/v1/projects/clout9-2025e/databases/(default) 200
[debug] [2023-09-24T16:15:38.049Z] <<< [apiv2][body] GET https://firestore.googleapis.com/v1/projects/clout9-2025e/databases/(default) {"name":"projects/clout9-2025e/databases/(default)","uid":"63574e22-736b-41c5-84d5-27b5fd1cdc74","createTime":"2023-09-24T16:13:47.086407Z","updateTime":"2023-09-24T16:13:47.086407Z","locationId":"nam5","type":"FIRESTORE_NATIVE","concurrencyMode":"PESSIMISTIC","versionRetentionPeriod":"3600s","earliestVersionTime":"2023-09-24T16:13:47.086407Z","appEngineIntegrationMode":"DISABLED","keyPrefix":"s","pointInTimeRecoveryEnablement":"POINT_IN_TIME_RECOVERY_DISABLED","deleteProtectionState":"DELETE_PROTECTION_DISABLED","etag":"IKuEqrbSw4EDMMes9oLSw4ED"}
[debug] [2023-09-24T16:15:38.049Z] database_type: FIRESTORE_NATIVE
[debug] [2023-09-24T16:15:38.050Z] > command requires scopes: ["email","openid","https://www.googleapis.com/auth/cloudplatformprojects.readonly","https://www.googleapis.com/auth/firebase","https://www.googleapis.com/auth/cloud-platform"]
[debug] [2023-09-24T16:15:38.051Z] > authorizing via signed-in user (jmbibb92@gmail.com)
[debug] [2023-09-24T16:15:38.051Z] [iam] checking project clout9-2025e for permissions ["firebase.projects.get"]
[debug] [2023-09-24T16:15:38.053Z] >>> [apiv2][query] POST https://cloudresourcemanager.googleapis.com/v1/projects/clout9-2025e:testIamPermissions [none]
[debug] [2023-09-24T16:15:38.053Z] >>> [apiv2][(partial)header] POST https://cloudresourcemanager.googleapis.com/v1/projects/clout9-2025e:testIamPermissions x-goog-quota-user=projects/clout9-2025e
[debug] [2023-09-24T16:15:38.054Z] >>> [apiv2][body] POST https://cloudresourcemanager.googleapis.com/v1/projects/clout9-2025e:testIamPermissions {"permissions":["firebase.projects.get"]}
[debug] [2023-09-24T16:15:38.312Z] <<< [apiv2][status] POST https://cloudresourcemanager.googleapis.com/v1/projects/clout9-2025e:testIamPermissions 200
[debug] [2023-09-24T16:15:38.312Z] <<< [apiv2][body] POST https://cloudresourcemanager.googleapis.com/v1/projects/clout9-2025e:testIamPermissions {"permissions":["firebase.projects.get"]}
[info] 
[info] Firestore Security Rules allow you to define how and when to allow
[info] requests. You can keep these rules in your project directory
[info] and publish them with firebase deploy.
[info] 
[debug] [2023-09-24T16:15:40.113Z] >>> [apiv2][query] GET https://firebaserules.googleapis.com/v1/projects/clout9-2025e/releases pageSize=10&pageToken=
[debug] [2023-09-24T16:15:40.321Z] <<< [apiv2][status] GET https://firebaserules.googleapis.com/v1/projects/clout9-2025e/releases 200
[debug] [2023-09-24T16:15:40.322Z] <<< [apiv2][body] GET https://firebaserules.googleapis.com/v1/projects/clout9-2025e/releases {"releases":[{"name":"projects/clout9-2025e/releases/cloud.firestore","rulesetName":"projects/clout9-2025e/rulesets/d57852d9-7502-4fa2-ad1a-d392167b2a42","createTime":"2023-09-24T16:13:48.809425Z","updateTime":"2023-09-24T16:13:48.809425Z"}]}
[debug] [2023-09-24T16:15:40.323Z] Found ruleset: projects/clout9-2025e/rulesets/d57852d9-7502-4fa2-ad1a-d392167b2a42
[debug] [2023-09-24T16:15:40.324Z] >>> [apiv2][query] GET https://firebaserules.googleapis.com/v1/projects/clout9-2025e/rulesets/d57852d9-7502-4fa2-ad1a-d392167b2a42 [none]
[debug] [2023-09-24T16:15:40.425Z] <<< [apiv2][status] GET https://firebaserules.googleapis.com/v1/projects/clout9-2025e/rulesets/d57852d9-7502-4fa2-ad1a-d392167b2a42 200
[debug] [2023-09-24T16:15:40.425Z] <<< [apiv2][body] GET https://firebaserules.googleapis.com/v1/projects/clout9-2025e/rulesets/d57852d9-7502-4fa2-ad1a-d392167b2a42 [omitted]
[info] 
[info] Firestore indexes allow you to perform complex queries while
[info] maintaining performance that scales with the size of the result
[info] set. You can keep index definitions in your project directory
[info] and publish them with firebase deploy.
[info] 
[debug] [2023-09-24T16:15:45.052Z] >>> [apiv2][query] GET https://firestore.googleapis.com/v1/projects/clout9-2025e/databases/(default)/collectionGroups/-/indexes [none]
[debug] [2023-09-24T16:15:45.057Z] >>> [apiv2][query] GET https://firestore.googleapis.com/v1/projects/clout9-2025e/databases/(default)/collectionGroups/-/fields?filter=indexConfig.usesAncestorConfig=false OR ttlConfig:* [none]
[debug] [2023-09-24T16:15:47.527Z] <<< [apiv2][status] GET https://firestore.googleapis.com/v1/projects/clout9-2025e/databases/(default)/collectionGroups/-/indexes 200
[debug] [2023-09-24T16:15:47.527Z] <<< [apiv2][body] GET https://firestore.googleapis.com/v1/projects/clout9-2025e/databases/(default)/collectionGroups/-/indexes {}
[debug] [2023-09-24T16:15:47.748Z] <<< [apiv2][status] GET https://firestore.googleapis.com/v1/projects/clout9-2025e/databases/(default)/collectionGroups/-/fields?filter=indexConfig.usesAncestorConfig=false OR ttlConfig:* 200
[debug] [2023-09-24T16:15:47.749Z] <<< [apiv2][body] GET https://firestore.googleapis.com/v1/projects/clout9-2025e/databases/(default)/collectionGroups/-/fields?filter=indexConfig.usesAncestorConfig=false OR ttlConfig:* {"fields":[{"name":"projects/clout9-2025e/databases/(default)/collectionGroups/__default__/fields/*","indexConfig":{"indexes":[{"queryScope":"COLLECTION","fields":[{"fieldPath":"*","order":"ASCENDING"}],"state":"READY"},{"queryScope":"COLLECTION","fields":[{"fieldPath":"*","order":"DESCENDING"}],"state":"READY"},{"queryScope":"COLLECTION","fields":[{"fieldPath":"*","arrayConfig":"CONTAINS"}],"state":"READY"}]}}]}
[info] 
=== Functions Setup
[debug] [2023-09-24T16:15:47.758Z] > command requires scopes: ["email","openid","https://www.googleapis.com/auth/cloudplatformprojects.readonly","https://www.googleapis.com/auth/firebase","https://www.googleapis.com/auth/cloud-platform"]
[debug] [2023-09-24T16:15:47.758Z] > authorizing via signed-in user (jmbibb92@gmail.com)
[debug] [2023-09-24T16:15:47.759Z] [iam] checking project clout9-2025e for permissions ["firebase.projects.get"]
[debug] [2023-09-24T16:15:47.760Z] >>> [apiv2][query] POST https://cloudresourcemanager.googleapis.com/v1/projects/clout9-2025e:testIamPermissions [none]
[debug] [2023-09-24T16:15:47.761Z] >>> [apiv2][(partial)header] POST https://cloudresourcemanager.googleapis.com/v1/projects/clout9-2025e:testIamPermissions x-goog-quota-user=projects/clout9-2025e
[debug] [2023-09-24T16:15:47.761Z] >>> [apiv2][body] POST https://cloudresourcemanager.googleapis.com/v1/projects/clout9-2025e:testIamPermissions {"permissions":["firebase.projects.get"]}
[debug] [2023-09-24T16:15:47.978Z] <<< [apiv2][status] POST https://cloudresourcemanager.googleapis.com/v1/projects/clout9-2025e:testIamPermissions 200
[debug] [2023-09-24T16:15:47.979Z] <<< [apiv2][body] POST https://cloudresourcemanager.googleapis.com/v1/projects/clout9-2025e:testIamPermissions {"permissions":["firebase.projects.get"]}
[debug] [2023-09-24T16:15:47.980Z] >>> [apiv2][query] GET https://serviceusage.googleapis.com/v1/projects/clout9-2025e/services/cloudfunctions.googleapis.com [none]
[debug] [2023-09-24T16:15:47.980Z] >>> [apiv2][(partial)header] GET https://serviceusage.googleapis.com/v1/projects/clout9-2025e/services/cloudfunctions.googleapis.com x-goog-quota-user=projects/clout9-2025e
[debug] [2023-09-24T16:15:47.987Z] >>> [apiv2][query] GET https://serviceusage.googleapis.com/v1/projects/clout9-2025e/services/runtimeconfig.googleapis.com [none]
[debug] [2023-09-24T16:15:47.987Z] >>> [apiv2][(partial)header] GET https://serviceusage.googleapis.com/v1/projects/clout9-2025e/services/runtimeconfig.googleapis.com x-goog-quota-user=projects/clout9-2025e
[debug] [2023-09-24T16:15:48.265Z] <<< [apiv2][status] GET https://serviceusage.googleapis.com/v1/projects/clout9-2025e/services/runtimeconfig.googleapis.com 200
[debug] [2023-09-24T16:15:48.265Z] <<< [apiv2][body] GET https://serviceusage.googleapis.com/v1/projects/clout9-2025e/services/runtimeconfig.googleapis.com [omitted]
[debug] [2023-09-24T16:15:48.897Z] <<< [apiv2][status] GET https://serviceusage.googleapis.com/v1/projects/clout9-2025e/services/cloudfunctions.googleapis.com 200
[debug] [2023-09-24T16:15:48.898Z] <<< [apiv2][body] GET https://serviceusage.googleapis.com/v1/projects/clout9-2025e/services/cloudfunctions.googleapis.com [omitted]
[debug] [2023-09-24T16:15:48.900Z] >>> [apiv2][query] POST https://serviceusage.googleapis.com/v1/projects/clout9-2025e/services/cloudfunctions.googleapis.com:enable [none]
[debug] [2023-09-24T16:15:48.900Z] >>> [apiv2][(partial)header] POST https://serviceusage.googleapis.com/v1/projects/clout9-2025e/services/cloudfunctions.googleapis.com:enable x-goog-quota-user=projects/clout9-2025e
[debug] [2023-09-24T16:15:49.280Z] <<< [apiv2][status] POST https://serviceusage.googleapis.com/v1/projects/clout9-2025e/services/cloudfunctions.googleapis.com:enable 200
[debug] [2023-09-24T16:15:49.281Z] <<< [apiv2][body] POST https://serviceusage.googleapis.com/v1/projects/clout9-2025e/services/cloudfunctions.googleapis.com:enable [omitted]
[debug] [2023-09-24T16:15:59.287Z] >>> [apiv2][query] GET https://serviceusage.googleapis.com/v1/projects/clout9-2025e/services/cloudfunctions.googleapis.com [none]
[debug] [2023-09-24T16:15:59.288Z] >>> [apiv2][(partial)header] GET https://serviceusage.googleapis.com/v1/projects/clout9-2025e/services/cloudfunctions.googleapis.com x-goog-quota-user=projects/clout9-2025e
[debug] [2023-09-24T16:16:00.162Z] <<< [apiv2][status] GET https://serviceusage.googleapis.com/v1/projects/clout9-2025e/services/cloudfunctions.googleapis.com 200
[debug] [2023-09-24T16:16:00.162Z] <<< [apiv2][body] GET https://serviceusage.googleapis.com/v1/projects/clout9-2025e/services/cloudfunctions.googleapis.com [omitted]
[info] Let's create a new codebase for your functions.
[info] A directory corresponding to the codebase will be created in your project
[info] with sample code pre-configured.

[info] See https://firebase.google.com/docs/functions/organize-functions for
[info] more information on organizing your functions using codebases.

[info] Functions can be deployed with firebase deploy.

[info] +  Wrote functions/package.json 
[info] +  Wrote functions/.eslintrc.js 
[info] +  Wrote functions/index.js 
[info] +  Wrote functions/.gitignore 
[info] 
=== Hosting Setup
[info] 
[info] Your public directory is the folder (relative to your project directory) that
[info] will contain Hosting assets to be uploaded with firebase deploy. If you
[info] have a build process for your assets, use your build's output directory.
[info] 
[debug] [2023-09-24T16:17:41.282Z] >>> [apiv2][query] GET https://www.gstatic.com/firebasejs/releases.json [none]
[debug] [2023-09-24T16:17:41.419Z] <<< [apiv2][status] GET https://www.gstatic.com/firebasejs/releases.json 200
[debug] [2023-09-24T16:17:41.419Z] <<< [apiv2][body] GET https://www.gstatic.com/firebasejs/releases.json {"current":{"version":"10.4.0","browserURL":"https://www.gstatic.com/firebasejs/10.4.0/firebase.js","packageURL":"https://www.gstatic.com/firebasejs/10.4.0/firebase.tgz"},"live":{"version":"10.4","browserURL":"https://www.gstatic.com/firebasejs/live/10.4/firebase.js","packageURL":"https://www.gstatic.com/firebasejs/live/10.4/firebase.tgz"},"components":{"analytics":"https://www.gstatic.com/firebasejs/10.4.0/firebase-analytics.js","app":"https://www.gstatic.com/firebasejs/10.4.0/firebase-app.js","app-check":"https://www.gstatic.com/firebasejs/10.4.0/firebase-app-check.js","auth":"https://www.gstatic.com/firebasejs/10.4.0/firebase-auth.js","auth/cordova":"https://www.gstatic.com/firebasejs/10.4.0/firebase-auth/cordova.js","functions":"https://www.gstatic.com/firebasejs/10.4.0/firebase-functions.js","firestore":"https://www.gstatic.com/firebasejs/10.4.0/firebase-firestore.js","firestore/lite":"https://www.gstatic.com/firebasejs/10.4.0/firebase-firestore/lite.js","installations":"https://www.gstatic.com/firebasejs/10.4.0/firebase-installations.js","storage":"https://www.gstatic.com/firebasejs/10.4.0/firebase-storage.js","performance":"https://www.gstatic.com/firebasejs/10.4.0/firebase-performance.js","remote-config":"https://www.gstatic.com/firebasejs/10.4.0/firebase-remote-config.js","messaging":"https://www.gstatic.com/firebasejs/10.4.0/firebase-messaging.js","messaging/sw":"https://www.gstatic.com/firebasejs/10.4.0/firebase-messaging/sw.js","database":"https://www.gstatic.com/firebasejs/10.4.0/firebase-database.js","firestore.memory":"https://www.gstatic.com/firebasejs/10.4.0/firebase-firestore.memory.js"}}
[info] +  Wrote public/index.html 
[info] 
[info] i  Detected a .git folder at C:\Users\Teja Nicole\clout 
[info] i  Authorizing with GitHub to upload your service account to a GitHub repository's secrets store. 
[info] 
[info] Visit this URL on this device to log in:
[info] https://github.com/login/oauth/authorize?client_id=89cf50f02ac6aaed3484&state=815074290&redirect_uri=http%3A%2F%2Flocalhost%3A9005&scope=read%3Auser%20repo%20public_repo
[info] 
[info] Waiting for authentication...
[debug] [2023-09-24T16:18:27.440Z] >>> [apiv2][query] POST https://github.com/login/oauth/access_token [none]
[debug] [2023-09-24T16:18:27.440Z] >>> [apiv2][body] POST https://github.com/login/oauth/access_token [stream]
[debug] [2023-09-24T16:18:27.667Z] <<< [apiv2][status] POST https://github.com/login/oauth/access_token 200
[debug] [2023-09-24T16:18:27.667Z] <<< [apiv2][body] POST https://github.com/login/oauth/access_token {"access_token":"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","token_type":"bearer","scope":"read:user,repo"}
[debug] [2023-09-24T16:18:27.683Z] >>> [apiv2][query] GET https://api.github.com/user [none]
[debug] [2023-09-24T16:18:28.014Z] <<< [apiv2][status] GET https://api.github.com/user 200
[debug] [2023-09-24T16:18:28.015Z] <<< [apiv2][body] GET https://api.github.com/user {"login":"bCODEDit","id":127368298,"node_id":"U_kgDOB5d8ag","avatar_url":"https://avatars.githubusercontent.com/u/127368298?v=4","gravatar_id":"","url":"https://api.github.com/users/bCODEDit","html_url":"https://github.com/bCODEDit","followers_url":"https://api.github.com/users/bCODEDit/followers","following_url":"https://api.github.com/users/bCODEDit/following{/other_user}","gists_url":"https://api.github.com/users/bCODEDit/gists{/gist_id}","starred_url":"https://api.github.com/users/bCODEDit/starred{/owner}{/repo}","subscriptions_url":"https://api.github.com/users/bCODEDit/subscriptions","organizations_url":"https://api.github.com/users/bCODEDit/orgs","repos_url":"https://api.github.com/users/bCODEDit/repos","events_url":"https://api.github.com/users/bCODEDit/events{/privacy}","received_events_url":"https://api.github.com/users/bCODEDit/received_events","type":"User","site_admin":false,"name":"Jai B","company":null,"blog":"","location":"San Antonio, Texas","email":null,"hireable":null,"bio":"Just a creative who is into art and computers.","twitter_username":null,"public_repos":3,"public_gists":0,"followers":0,"following":0,"created_at":"2023-03-09T02:51:17Z","updated_at":"2023-08-21T02:39:25Z","private_gists":0,"total_private_repos":1,"owned_private_repos":1,"disk_usage":242,"collaborators":0,"two_factor_authentication":false,"plan":{"name":"free","space":976562499,"collaborators":0,"private_repos":10000}}
[info] 
[info] +  Success! Logged into GitHub as bCODEDit 
[info] 
[debug] [2023-09-24T16:19:06.340Z] >>> [apiv2][query] GET https://api.github.com/repos//actions/secrets/public-key type=owner
[debug] [2023-09-24T16:19:08.965Z] <<< [apiv2][status] GET https://api.github.com/repos//actions/secrets/public-key 404
[debug] [2023-09-24T16:19:08.965Z] <<< [apiv2][body] GET https://api.github.com/repos//actions/secrets/public-key {"message":"Not Found","documentation_url":"https://docs.github.com/rest"}
[info] 
[info] 
[error] !  The provided authorization cannot be used with this repository. If this repository is in an organization, did you remember to grant access? 
[info] 
[info] i  Action required: Visit this URL to ensure access has been granted to the appropriate organization(s) for the Firebase CLI GitHub OAuth App: 
[info] https://github.com/settings/connections/applications/89cf50f02ac6aaed3484
[info] 
[debug] [2023-09-24T16:19:49.555Z] >>> [apiv2][query] GET https://api.github.com/repos/repository/actions/secrets/public-key type=owner
[debug] [2023-09-24T16:19:49.774Z] <<< [apiv2][status] GET https://api.github.com/repos/repository/actions/secrets/public-key 404
[debug] [2023-09-24T16:19:49.775Z] <<< [apiv2][body] GET https://api.github.com/repos/repository/actions/secrets/public-key {"message":"Not Found","documentation_url":"https://docs.github.com/rest"}
[info] 
[info] 
[error] !  The provided authorization cannot be used with this repository. If this repository is in an organization, did you remember to grant access? 
[info] 
[info] i  Action required: Visit this URL to ensure access has been granted to the appropriate organization(s) for the Firebase CLI GitHub OAuth App: 
[info] https://github.com/settings/connections/applications/89cf50f02ac6aaed3484
[info] 
[debug] [2023-09-24T16:20:05.343Z] >>> [apiv2][query] GET https://api.github.com/repos/user/repository/actions/secrets/public-key type=owner
[debug] [2023-09-24T16:20:05.584Z] <<< [apiv2][status] GET https://api.github.com/repos/user/repository/actions/secrets/public-key 404
[debug] [2023-09-24T16:20:05.585Z] <<< [apiv2][body] GET https://api.github.com/repos/user/repository/actions/secrets/public-key {"message":"Not Found","documentation_url":"https://docs.github.com/rest/actions/secrets#get-a-repository-public-key"}
[info] 
[info] 
[error] !  The provided authorization cannot be used with this repository. If this repository is in an organization, did you remember to grant access? 
[info] 
[info] i  Action required: Visit this URL to ensure access has been granted to the appropriate organization(s) for the Firebase CLI GitHub OAuth App: 
[info] https://github.com/settings/connections/applications/89cf50f02ac6aaed3484
[info] 
